Traceback (most recent call last):
  File "/home/sandipan/Work/deepseek_ocr/lib/python3.12/site-packages/transformers/utils/import_utils.py", line 1778, in _get_module
    return importlib.import_module("." + module_name, self.__name__)
           ^^^^^^^^^^^^^^^^^^^^^^^^^^^^^^^^^^^^^^^^^^^^^^^^^^^^^^^^^
  File "/home/sandipan/miniconda3/envs/py_312/lib/python3.12/importlib/__init__.py", line 90, in import_module
    return _bootstrap._gcd_import(name[level:], package, level)
           ^^^^^^^^^^^^^^^^^^^^^^^^^^^^^^^^^^^^^^^^^^^^^^^^^^^^
  File "<frozen importlib._bootstrap>", line 1387, in _gcd_import
  File "<frozen importlib._bootstrap>", line 1360, in _find_and_load
  File "<frozen importlib._bootstrap>", line 1331, in _find_and_load_unlocked
  File "<frozen importlib._bootstrap>", line 935, in _load_unlocked
  File "<frozen importlib._bootstrap_external>", line 999, in exec_module
  File "<frozen importlib._bootstrap>", line 488, in _call_with_frames_removed
  File "/home/sandipan/Work/deepseek_ocr/lib/python3.12/site-packages/transformers/trainer.py", line 226, in <module>
    from peft import PeftModel
  File "/home/sandipan/Work/deepseek_ocr/lib/python3.12/site-packages/peft/__init__.py", line 17, in <module>
    from .auto import (
  File "/home/sandipan/Work/deepseek_ocr/lib/python3.12/site-packages/peft/auto.py", line 32, in <module>
    from .peft_model import (
  File "/home/sandipan/Work/deepseek_ocr/lib/python3.12/site-packages/peft/peft_model.py", line 42, in <module>
    from peft.tuners.lora.variants import get_alora_offsets_for_forward, get_alora_offsets_for_generate
  File "/home/sandipan/Work/deepseek_ocr/lib/python3.12/site-packages/peft/tuners/__init__.py", line 15, in <module>
    from .adalora import AdaLoraConfig, AdaLoraModel
  File "/home/sandipan/Work/deepseek_ocr/lib/python3.12/site-packages/peft/tuners/adalora/__init__.py", line 18, in <module>
    from .config import AdaLoraConfig
  File "/home/sandipan/Work/deepseek_ocr/lib/python3.12/site-packages/peft/tuners/adalora/config.py", line 19, in <module>
    from peft.tuners.lora import LoraConfig
  File "/home/sandipan/Work/deepseek_ocr/lib/python3.12/site-packages/peft/tuners/lora/__init__.py", line 23, in <module>
    from .model import LoraModel
  File "/home/sandipan/Work/deepseek_ocr/lib/python3.12/site-packages/peft/tuners/lora/model.py", line 26, in <module>
    from transformers.modeling_layers import GradientCheckpointingLayer
ModuleNotFoundError: No module named 'transformers.modeling_layers'

The above exception was the direct cause of the following exception:

Traceback (most recent call last):
  File "/home/sandipan/Work/Prompt_Optim/test_deepseek_ocr.py", line 1, in <module>
    from utils.generate import OCR
  File "/home/sandipan/Work/Prompt_Optim/utils/generate.py", line 2, in <module>
    from sentence_transformers import SentenceTransformer
  File "/home/sandipan/Work/deepseek_ocr/lib/python3.12/site-packages/sentence_transformers/__init__.py", line 15, in <module>
    from sentence_transformers.cross_encoder import (
  File "/home/sandipan/Work/deepseek_ocr/lib/python3.12/site-packages/sentence_transformers/cross_encoder/__init__.py", line 5, in <module>
    from .trainer import CrossEncoderTrainer
  File "/home/sandipan/Work/deepseek_ocr/lib/python3.12/site-packages/sentence_transformers/cross_encoder/trainer.py", line 23, in <module>
    from sentence_transformers.trainer import SentenceTransformerTrainer
  File "/home/sandipan/Work/deepseek_ocr/lib/python3.12/site-packages/sentence_transformers/trainer.py", line 17, in <module>
    from transformers import EvalPrediction, PreTrainedTokenizerBase, Trainer, TrainerCallback
  File "<frozen importlib._bootstrap>", line 1412, in _handle_fromlist
  File "/home/sandipan/Work/deepseek_ocr/lib/python3.12/site-packages/transformers/utils/import_utils.py", line 1766, in __getattr__
    module = self._get_module(self._class_to_module[name])
             ^^^^^^^^^^^^^^^^^^^^^^^^^^^^^^^^^^^^^^^^^^^^^
  File "/home/sandipan/Work/deepseek_ocr/lib/python3.12/site-packages/transformers/utils/import_utils.py", line 1780, in _get_module
    raise RuntimeError(
RuntimeError: Failed to import transformers.trainer because of the following error (look up to see its traceback):
No module named 'transformers.modeling_layers'
